{"/home/gamp/drips/stellar-did-credit/packages/sdk/src/index.ts": {"path":"/home/gamp/drips/stellar-did-credit/packages/sdk/src/index.ts","statementMap":{"0":{"start":{"line":1,"column":0},"end":{"line":1,"column":null}},"1":{"start":{"line":14,"column":13},"end":{"line":14,"column":29}},"2":{"start":{"line":15,"column":13},"end":{"line":15,"column":29}},"3":{"start":{"line":69,"column":22},"end":{"line":69,"column":44}},"4":{"start":{"line":70,"column":4},"end":{"line":70,"column":60}},"5":{"start":{"line":91,"column":6},"end":{"line":93,"column":34}},"6":{"start":{"line":95,"column":4},"end":{"line":97,"column":5}},"7":{"start":{"line":96,"column":6},"end":{"line":96,"column":74}},"8":{"start":{"line":99,"column":19},"end":{"line":99,"column":60}},"9":{"start":{"line":100,"column":21},"end":{"line":100,"column":63}},"10":{"start":{"line":103,"column":24},"end":{"line":103,"column":58}},"11":{"start":{"line":104,"column":26},"end":{"line":104,"column":79}},"12":{"start":{"line":106,"column":15},"end":{"line":118,"column":14}},"13":{"start":{"line":121,"column":16},"end":{"line":121,"column":52}},"14":{"start":{"line":123,"column":4},"end":{"line":125,"column":5}},"15":{"start":{"line":124,"column":6},"end":{"line":124,"column":57}},"16":{"start":{"line":127,"column":4},"end":{"line":129,"column":5}},"17":{"start":{"line":128,"column":6},"end":{"line":128,"column":65}},"18":{"start":{"line":132,"column":24},"end":{"line":135,"column":13}},"19":{"start":{"line":136,"column":4},"end":{"line":136,"column":36}},"20":{"start":{"line":139,"column":21},"end":{"line":139,"column":61}},"21":{"start":{"line":141,"column":4},"end":{"line":143,"column":5}},"22":{"start":{"line":142,"column":6},"end":{"line":142,"column":80}},"23":{"start":{"line":145,"column":4},"end":{"line":145,"column":25}},"24":{"start":{"line":164,"column":4},"end":{"line":166,"column":5}},"25":{"start":{"line":165,"column":6},"end":{"line":165,"column":57}},"26":{"start":{"line":168,"column":19},"end":{"line":168,"column":60}},"27":{"start":{"line":169,"column":21},"end":{"line":169,"column":63}},"28":{"start":{"line":172,"column":6},"end":{"line":174,"column":33}},"29":{"start":{"line":177,"column":24},"end":{"line":177,"column":58}},"30":{"start":{"line":178,"column":26},"end":{"line":178,"column":79}},"31":{"start":{"line":181,"column":22},"end":{"line":181,"column":78}},"32":{"start":{"line":183,"column":15},"end":{"line":196,"column":14}},"33":{"start":{"line":199,"column":16},"end":{"line":199,"column":52}},"34":{"start":{"line":201,"column":4},"end":{"line":203,"column":5}},"35":{"start":{"line":202,"column":6},"end":{"line":202,"column":57}},"36":{"start":{"line":205,"column":4},"end":{"line":207,"column":5}},"37":{"start":{"line":206,"column":6},"end":{"line":206,"column":65}},"38":{"start":{"line":210,"column":24},"end":{"line":213,"column":13}},"39":{"start":{"line":214,"column":4},"end":{"line":214,"column":35}},"40":{"start":{"line":217,"column":21},"end":{"line":217,"column":61}},"41":{"start":{"line":219,"column":4},"end":{"line":221,"column":5}},"42":{"start":{"line":220,"column":6},"end":{"line":220,"column":80}},"43":{"start":{"line":223,"column":4},"end":{"line":223,"column":25}},"44":{"start":{"line":246,"column":21},"end":{"line":246,"column":61}},"45":{"start":{"line":248,"column":22},"end":{"line":248,"column":46}},"46":{"start":{"line":250,"column":24},"end":{"line":250,"column":63}},"47":{"start":{"line":251,"column":26},"end":{"line":251,"column":79}},"48":{"start":{"line":253,"column":15},"end":{"line":261,"column":14}},"49":{"start":{"line":263,"column":16},"end":{"line":263,"column":57}},"50":{"start":{"line":265,"column":4},"end":{"line":270,"column":5}},"51":{"start":{"line":266,"column":6},"end":{"line":268,"column":7}},"52":{"start":{"line":267,"column":8},"end":{"line":267,"column":150}},"53":{"start":{"line":269,"column":6},"end":{"line":269,"column":57}},"54":{"start":{"line":272,"column":4},"end":{"line":274,"column":5}},"55":{"start":{"line":273,"column":6},"end":{"line":273,"column":65}},"56":{"start":{"line":276,"column":24},"end":{"line":279,"column":13}},"57":{"start":{"line":280,"column":4},"end":{"line":280,"column":34}},"58":{"start":{"line":282,"column":21},"end":{"line":282,"column":66}},"59":{"start":{"line":284,"column":4},"end":{"line":289,"column":5}},"60":{"start":{"line":285,"column":6},"end":{"line":287,"column":7}},"61":{"start":{"line":286,"column":8},"end":{"line":286,"column":160}},"62":{"start":{"line":288,"column":6},"end":{"line":288,"column":88}},"63":{"start":{"line":291,"column":4},"end":{"line":291,"column":69}},"64":{"start":{"line":293,"column":4},"end":{"line":304,"column":5}},"65":{"start":{"line":294,"column":20},"end":{"line":294,"column":55}},"66":{"start":{"line":295,"column":6},"end":{"line":297,"column":7}},"67":{"start":{"line":296,"column":8},"end":{"line":296,"column":56}},"68":{"start":{"line":298,"column":6},"end":{"line":298,"column":19}},"69":{"start":{"line":300,"column":22},"end":{"line":300,"column":76}},"70":{"start":{"line":301,"column":6},"end":{"line":303,"column":8}},"71":{"start":{"line":316,"column":19},"end":{"line":316,"column":60}},"72":{"start":{"line":317,"column":21},"end":{"line":317,"column":61}},"73":{"start":{"line":318,"column":26},"end":{"line":318,"column":66}},"74":{"start":{"line":320,"column":19},"end":{"line":320,"column":20}},"75":{"start":{"line":321,"column":24},"end":{"line":321,"column":57}},"76":{"start":{"line":323,"column":4},"end":{"line":355,"column":5}},"77":{"start":{"line":324,"column":17},"end":{"line":332,"column":16}},"78":{"start":{"line":334,"column":18},"end":{"line":334,"column":54}},"79":{"start":{"line":336,"column":6},"end":{"line":341,"column":7}},"80":{"start":{"line":337,"column":8},"end":{"line":339,"column":9}},"81":{"start":{"line":338,"column":10},"end":{"line":338,"column":22}},"82":{"start":{"line":340,"column":8},"end":{"line":340,"column":59}},"83":{"start":{"line":343,"column":6},"end":{"line":349,"column":7}},"84":{"start":{"line":344,"column":28},"end":{"line":344,"column":46}},"85":{"start":{"line":345,"column":8},"end":{"line":347,"column":9}},"86":{"start":{"line":346,"column":10},"end":{"line":346,"column":66}},"87":{"start":{"line":348,"column":8},"end":{"line":348,"column":61}},"88":{"start":{"line":351,"column":6},"end":{"line":351,"column":17}},"89":{"start":{"line":352,"column":6},"end":{"line":354,"column":7}},"90":{"start":{"line":353,"column":8},"end":{"line":353,"column":76}},"91":{"start":{"line":353,"column":39},"end":{"line":353,"column":74}},"92":{"start":{"line":357,"column":4},"end":{"line":357,"column":63}},"93":{"start":{"line":369,"column":19},"end":{"line":369,"column":60}},"94":{"start":{"line":370,"column":21},"end":{"line":370,"column":63}},"95":{"start":{"line":371,"column":26},"end":{"line":371,"column":66}},"96":{"start":{"line":373,"column":15},"end":{"line":381,"column":14}},"97":{"start":{"line":383,"column":16},"end":{"line":383,"column":52}},"98":{"start":{"line":385,"column":4},"end":{"line":387,"column":5}},"99":{"start":{"line":386,"column":6},"end":{"line":386,"column":57}},"100":{"start":{"line":389,"column":4},"end":{"line":391,"column":5}},"101":{"start":{"line":390,"column":6},"end":{"line":390,"column":65}},"102":{"start":{"line":393,"column":24},"end":{"line":393,"column":42}},"103":{"start":{"line":394,"column":4},"end":{"line":396,"column":5}},"104":{"start":{"line":395,"column":6},"end":{"line":395,"column":62}},"105":{"start":{"line":398,"column":19},"end":{"line":398,"column":45}},"106":{"start":{"line":400,"column":4},"end":{"line":402,"column":5}},"107":{"start":{"line":401,"column":6},"end":{"line":401,"column":18}},"108":{"start":{"line":403,"column":4},"end":{"line":403,"column":28}},"109":{"start":{"line":423,"column":4},"end":{"line":425,"column":5}},"110":{"start":{"line":424,"column":6},"end":{"line":424,"column":57}},"111":{"start":{"line":427,"column":19},"end":{"line":427,"column":60}},"112":{"start":{"line":428,"column":29},"end":{"line":428,"column":75}},"113":{"start":{"line":429,"column":29},"end":{"line":429,"column":71}},"114":{"start":{"line":432,"column":6},"end":{"line":434,"column":33}},"115":{"start":{"line":437,"column":24},"end":{"line":437,"column":58}},"116":{"start":{"line":438,"column":26},"end":{"line":438,"column":79}},"117":{"start":{"line":441,"column":22},"end":{"line":441,"column":78}},"118":{"start":{"line":443,"column":15},"end":{"line":463,"column":14}},"119":{"start":{"line":466,"column":16},"end":{"line":466,"column":52}},"120":{"start":{"line":468,"column":4},"end":{"line":470,"column":5}},"121":{"start":{"line":469,"column":6},"end":{"line":469,"column":57}},"122":{"start":{"line":472,"column":4},"end":{"line":474,"column":5}},"123":{"start":{"line":473,"column":6},"end":{"line":473,"column":65}},"124":{"start":{"line":477,"column":24},"end":{"line":480,"column":13}},"125":{"start":{"line":481,"column":4},"end":{"line":481,"column":35}},"126":{"start":{"line":484,"column":21},"end":{"line":484,"column":61}},"127":{"start":{"line":486,"column":4},"end":{"line":488,"column":5}},"128":{"start":{"line":487,"column":6},"end":{"line":487,"column":80}},"129":{"start":{"line":490,"column":4},"end":{"line":490,"column":25}},"130":{"start":{"line":502,"column":19},"end":{"line":502,"column":60}},"131":{"start":{"line":503,"column":21},"end":{"line":503,"column":63}},"132":{"start":{"line":505,"column":26},"end":{"line":505,"column":66}},"133":{"start":{"line":506,"column":15},"end":{"line":514,"column":14}},"134":{"start":{"line":516,"column":16},"end":{"line":516,"column":52}},"135":{"start":{"line":518,"column":4},"end":{"line":520,"column":5}},"136":{"start":{"line":519,"column":6},"end":{"line":519,"column":57}},"137":{"start":{"line":522,"column":4},"end":{"line":524,"column":5}},"138":{"start":{"line":523,"column":6},"end":{"line":523,"column":65}},"139":{"start":{"line":526,"column":24},"end":{"line":526,"column":42}},"140":{"start":{"line":527,"column":4},"end":{"line":529,"column":5}},"141":{"start":{"line":528,"column":6},"end":{"line":528,"column":62}},"142":{"start":{"line":531,"column":4},"end":{"line":531,"column":49}},"143":{"start":{"line":544,"column":4},"end":{"line":546,"column":5}},"144":{"start":{"line":545,"column":6},"end":{"line":545,"column":57}},"145":{"start":{"line":548,"column":19},"end":{"line":548,"column":60}},"146":{"start":{"line":549,"column":21},"end":{"line":549,"column":63}},"147":{"start":{"line":550,"column":26},"end":{"line":550,"column":66}},"148":{"start":{"line":552,"column":22},"end":{"line":552,"column":78}},"149":{"start":{"line":554,"column":15},"end":{"line":566,"column":14}},"150":{"start":{"line":568,"column":16},"end":{"line":568,"column":52}},"151":{"start":{"line":570,"column":4},"end":{"line":572,"column":5}},"152":{"start":{"line":571,"column":6},"end":{"line":571,"column":57}},"153":{"start":{"line":574,"column":4},"end":{"line":576,"column":5}},"154":{"start":{"line":575,"column":6},"end":{"line":575,"column":65}},"155":{"start":{"line":578,"column":24},"end":{"line":578,"column":42}},"156":{"start":{"line":579,"column":4},"end":{"line":581,"column":5}},"157":{"start":{"line":580,"column":6},"end":{"line":580,"column":62}},"158":{"start":{"line":583,"column":4},"end":{"line":583,"column":49}},"159":{"start":{"line":595,"column":19},"end":{"line":595,"column":60}},"160":{"start":{"line":596,"column":21},"end":{"line":596,"column":63}},"161":{"start":{"line":597,"column":26},"end":{"line":597,"column":66}},"162":{"start":{"line":599,"column":15},"end":{"line":607,"column":14}},"163":{"start":{"line":609,"column":16},"end":{"line":609,"column":52}},"164":{"start":{"line":611,"column":4},"end":{"line":613,"column":5}},"165":{"start":{"line":612,"column":6},"end":{"line":612,"column":57}},"166":{"start":{"line":615,"column":4},"end":{"line":617,"column":5}},"167":{"start":{"line":616,"column":6},"end":{"line":616,"column":65}},"168":{"start":{"line":619,"column":24},"end":{"line":619,"column":42}},"169":{"start":{"line":620,"column":4},"end":{"line":622,"column":5}},"170":{"start":{"line":621,"column":6},"end":{"line":621,"column":62}},"171":{"start":{"line":624,"column":4},"end":{"line":624,"column":48}},"172":{"start":{"line":635,"column":19},"end":{"line":635,"column":60}},"173":{"start":{"line":636,"column":21},"end":{"line":636,"column":61}},"174":{"start":{"line":637,"column":26},"end":{"line":637,"column":66}},"175":{"start":{"line":639,"column":15},"end":{"line":645,"column":14}},"176":{"start":{"line":647,"column":16},"end":{"line":647,"column":52}},"177":{"start":{"line":649,"column":4},"end":{"line":651,"column":5}},"178":{"start":{"line":650,"column":6},"end":{"line":650,"column":57}},"179":{"start":{"line":653,"column":4},"end":{"line":655,"column":5}},"180":{"start":{"line":654,"column":6},"end":{"line":654,"column":65}},"181":{"start":{"line":657,"column":24},"end":{"line":657,"column":42}},"182":{"start":{"line":658,"column":4},"end":{"line":660,"column":5}},"183":{"start":{"line":659,"column":6},"end":{"line":659,"column":62}},"184":{"start":{"line":662,"column":4},"end":{"line":662,"column":44}},"185":{"start":{"line":673,"column":19},"end":{"line":673,"column":60}},"186":{"start":{"line":674,"column":21},"end":{"line":674,"column":63}},"187":{"start":{"line":675,"column":26},"end":{"line":675,"column":66}},"188":{"start":{"line":677,"column":15},"end":{"line":683,"column":14}},"189":{"start":{"line":685,"column":16},"end":{"line":685,"column":52}},"190":{"start":{"line":687,"column":4},"end":{"line":689,"column":5}},"191":{"start":{"line":688,"column":6},"end":{"line":688,"column":57}},"192":{"start":{"line":691,"column":4},"end":{"line":693,"column":5}},"193":{"start":{"line":692,"column":6},"end":{"line":692,"column":65}},"194":{"start":{"line":695,"column":24},"end":{"line":695,"column":42}},"195":{"start":{"line":696,"column":4},"end":{"line":698,"column":5}},"196":{"start":{"line":697,"column":6},"end":{"line":697,"column":62}},"197":{"start":{"line":700,"column":19},"end":{"line":700,"column":45}},"198":{"start":{"line":701,"column":4},"end":{"line":701,"column":61}},"199":{"start":{"line":701,"column":47},"end":{"line":701,"column":59}},"200":{"start":{"line":66,"column":0},"end":{"line":66,"column":13}},"201":{"start":{"line":708,"column":4},"end":{"line":708,"column":97}},"202":{"start":{"line":709,"column":4},"end":{"line":709,"column":40}},"203":{"start":{"line":706,"column":0},"end":{"line":706,"column":13}},"204":{"start":{"line":718,"column":17},"end":{"line":718,"column":37}},"205":{"start":{"line":720,"column":2},"end":{"line":722,"column":3}},"206":{"start":{"line":721,"column":4},"end":{"line":721,"column":16}},"207":{"start":{"line":723,"column":14},"end":{"line":723,"column":47}},"208":{"start":{"line":724,"column":2},"end":{"line":736,"column":4}},"209":{"start":{"line":740,"column":17},"end":{"line":740,"column":37}},"210":{"start":{"line":741,"column":2},"end":{"line":743,"column":3}},"211":{"start":{"line":742,"column":4},"end":{"line":742,"column":70}},"212":{"start":{"line":745,"column":14},"end":{"line":745,"column":47}},"213":{"start":{"line":746,"column":2},"end":{"line":750,"column":4}},"214":{"start":{"line":759,"column":2},"end":{"line":782,"column":3}},"215":{"start":{"line":759,"column":21},"end":{"line":759,"column":22}},"216":{"start":{"line":760,"column":19},"end":{"line":760,"column":54}},"217":{"start":{"line":762,"column":19},"end":{"line":762,"column":42}},"218":{"start":{"line":764,"column":4},"end":{"line":781,"column":5}},"219":{"start":{"line":766,"column":8},"end":{"line":766,"column":15}},"220":{"start":{"line":768,"column":29},"end":{"line":768,"column":51}},"221":{"start":{"line":769,"column":8},"end":{"line":771,"column":10}},"222":{"start":{"line":775,"column":8},"end":{"line":775,"column":29}},"223":{"start":{"line":776,"column":8},"end":{"line":776,"column":14}},"224":{"start":{"line":778,"column":8},"end":{"line":780,"column":10}},"225":{"start":{"line":784,"column":2},"end":{"line":786,"column":4}},"226":{"start":{"line":790,"column":2},"end":{"line":790,"column":59}},"227":{"start":{"line":790,"column":34},"end":{"line":790,"column":57}},"228":{"start":{"line":793,"column":0},"end":{"line":793,"column":35}}},"fnMap":{"0":{"name":"(anonymous_0)","decl":{"start":{"line":69,"column":2},"end":{"line":69,"column":22}},"loc":{"start":{"line":69,"column":44},"end":{"line":71,"column":3}}},"1":{"name":"(anonymous_1)","decl":{"start":{"line":85,"column":2},"end":{"line":85,"column":7}},"loc":{"start":{"line":88,"column":27},"end":{"line":146,"column":3}}},"2":{"name":"(anonymous_2)","decl":{"start":{"line":159,"column":2},"end":{"line":159,"column":7}},"loc":{"start":{"line":162,"column":18},"end":{"line":224,"column":3}}},"3":{"name":"(anonymous_3)","decl":{"start":{"line":242,"column":2},"end":{"line":242,"column":7}},"loc":{"start":{"line":244,"column":26},"end":{"line":305,"column":3}}},"4":{"name":"(anonymous_4)","decl":{"start":{"line":315,"column":2},"end":{"line":315,"column":7}},"loc":{"start":{"line":315,"column":39},"end":{"line":358,"column":3}}},"5":{"name":"(anonymous_5)","decl":{"start":{"line":353,"column":26},"end":{"line":353,"column":27}},"loc":{"start":{"line":353,"column":39},"end":{"line":353,"column":74}}},"6":{"name":"(anonymous_6)","decl":{"start":{"line":368,"column":2},"end":{"line":368,"column":7}},"loc":{"start":{"line":368,"column":45},"end":{"line":404,"column":3}}},"7":{"name":"(anonymous_7)","decl":{"start":{"line":418,"column":2},"end":{"line":418,"column":7}},"loc":{"start":{"line":421,"column":18},"end":{"line":491,"column":3}}},"8":{"name":"(anonymous_8)","decl":{"start":{"line":501,"column":2},"end":{"line":501,"column":7}},"loc":{"start":{"line":501,"column":41},"end":{"line":532,"column":3}}},"9":{"name":"(anonymous_9)","decl":{"start":{"line":543,"column":2},"end":{"line":543,"column":7}},"loc":{"start":{"line":543,"column":55},"end":{"line":584,"column":3}}},"10":{"name":"(anonymous_10)","decl":{"start":{"line":594,"column":2},"end":{"line":594,"column":7}},"loc":{"start":{"line":594,"column":41},"end":{"line":625,"column":3}}},"11":{"name":"(anonymous_11)","decl":{"start":{"line":634,"column":2},"end":{"line":634,"column":7}},"loc":{"start":{"line":634,"column":18},"end":{"line":663,"column":3}}},"12":{"name":"(anonymous_12)","decl":{"start":{"line":672,"column":2},"end":{"line":672,"column":7}},"loc":{"start":{"line":672,"column":28},"end":{"line":702,"column":3}}},"13":{"name":"(anonymous_13)","decl":{"start":{"line":701,"column":37},"end":{"line":701,"column":38}},"loc":{"start":{"line":701,"column":47},"end":{"line":701,"column":59}}},"14":{"name":"(anonymous_14)","decl":{"start":{"line":707,"column":2},"end":{"line":707,"column":14}},"loc":{"start":{"line":707,"column":30},"end":{"line":710,"column":3}}},"15":{"name":"parseScoreRecord","decl":{"start":{"line":717,"column":9},"end":{"line":717,"column":25}},"loc":{"start":{"line":717,"column":66},"end":{"line":737,"column":1}}},"16":{"name":"parseScoringWeights","decl":{"start":{"line":739,"column":9},"end":{"line":739,"column":28}},"loc":{"start":{"line":739,"column":45},"end":{"line":751,"column":1}}},"17":{"name":"waitForTransactionConfirmation","decl":{"start":{"line":753,"column":15},"end":{"line":753,"column":45}},"loc":{"start":{"line":757,"column":16},"end":{"line":787,"column":1}}},"18":{"name":"sleep","decl":{"start":{"line":789,"column":9},"end":{"line":789,"column":14}},"loc":{"start":{"line":789,"column":25},"end":{"line":791,"column":1}}},"19":{"name":"(anonymous_19)","decl":{"start":{"line":790,"column":21},"end":{"line":790,"column":22}},"loc":{"start":{"line":790,"column":34},"end":{"line":790,"column":57}}}},"branchMap":{"0":{"loc":{"start":{"line":91,"column":6},"end":{"line":93,"column":34}},"type":"cond-expr","locations":[{"start":{"line":92,"column":10},"end":{"line":92,"column":36}},{"start":{"line":93,"column":10},"end":{"line":93,"column":34}}]},"1":{"loc":{"start":{"line":95,"column":4},"end":{"line":97,"column":5}},"type":"if","locations":[{"start":{"line":95,"column":4},"end":{"line":97,"column":5}}]},"2":{"loc":{"start":{"line":95,"column":8},"end":{"line":95,"column":54}},"type":"binary-expr","locations":[{"start":{"line":95,"column":8},"end":{"line":95,"column":22}},{"start":{"line":95,"column":26},"end":{"line":95,"column":54}}]},"3":{"loc":{"start":{"line":123,"column":4},"end":{"line":125,"column":5}},"type":"if","locations":[{"start":{"line":123,"column":4},"end":{"line":125,"column":5}}]},"4":{"loc":{"start":{"line":127,"column":4},"end":{"line":129,"column":5}},"type":"if","locations":[{"start":{"line":127,"column":4},"end":{"line":129,"column":5}}]},"5":{"loc":{"start":{"line":141,"column":4},"end":{"line":143,"column":5}},"type":"if","locations":[{"start":{"line":141,"column":4},"end":{"line":143,"column":5}}]},"6":{"loc":{"start":{"line":164,"column":4},"end":{"line":166,"column":5}},"type":"if","locations":[{"start":{"line":164,"column":4},"end":{"line":166,"column":5}}]},"7":{"loc":{"start":{"line":172,"column":6},"end":{"line":174,"column":33}},"type":"cond-expr","locations":[{"start":{"line":173,"column":10},"end":{"line":173,"column":35}},{"start":{"line":174,"column":10},"end":{"line":174,"column":33}}]},"8":{"loc":{"start":{"line":201,"column":4},"end":{"line":203,"column":5}},"type":"if","locations":[{"start":{"line":201,"column":4},"end":{"line":203,"column":5}}]},"9":{"loc":{"start":{"line":205,"column":4},"end":{"line":207,"column":5}},"type":"if","locations":[{"start":{"line":205,"column":4},"end":{"line":207,"column":5}}]},"10":{"loc":{"start":{"line":219,"column":4},"end":{"line":221,"column":5}},"type":"if","locations":[{"start":{"line":219,"column":4},"end":{"line":221,"column":5}}]},"11":{"loc":{"start":{"line":254,"column":15},"end":{"line":254,"column":46}},"type":"binary-expr","locations":[{"start":{"line":254,"column":15},"end":{"line":254,"column":34}},{"start":{"line":254,"column":38},"end":{"line":254,"column":46}}]},"12":{"loc":{"start":{"line":260,"column":18},"end":{"line":260,"column":50}},"type":"binary-expr","locations":[{"start":{"line":260,"column":18},"end":{"line":260,"column":44}},{"start":{"line":260,"column":48},"end":{"line":260,"column":50}}]},"13":{"loc":{"start":{"line":265,"column":4},"end":{"line":270,"column":5}},"type":"if","locations":[{"start":{"line":265,"column":4},"end":{"line":270,"column":5}}]},"14":{"loc":{"start":{"line":266,"column":6},"end":{"line":268,"column":7}},"type":"if","locations":[{"start":{"line":266,"column":6},"end":{"line":268,"column":7}}]},"15":{"loc":{"start":{"line":266,"column":10},"end":{"line":266,"column":67}},"type":"binary-expr","locations":[{"start":{"line":266,"column":10},"end":{"line":266,"column":19}},{"start":{"line":266,"column":23},"end":{"line":266,"column":67}}]},"16":{"loc":{"start":{"line":272,"column":4},"end":{"line":274,"column":5}},"type":"if","locations":[{"start":{"line":272,"column":4},"end":{"line":274,"column":5}}]},"17":{"loc":{"start":{"line":284,"column":4},"end":{"line":289,"column":5}},"type":"if","locations":[{"start":{"line":284,"column":4},"end":{"line":289,"column":5}}]},"18":{"loc":{"start":{"line":285,"column":6},"end":{"line":287,"column":7}},"type":"if","locations":[{"start":{"line":285,"column":6},"end":{"line":287,"column":7}}]},"19":{"loc":{"start":{"line":285,"column":10},"end":{"line":285,"column":97}},"type":"binary-expr","locations":[{"start":{"line":285,"column":10},"end":{"line":285,"column":30}},{"start":{"line":285,"column":34},"end":{"line":285,"column":97}}]},"20":{"loc":{"start":{"line":295,"column":6},"end":{"line":297,"column":7}},"type":"if","locations":[{"start":{"line":295,"column":6},"end":{"line":297,"column":7}}]},"21":{"loc":{"start":{"line":300,"column":22},"end":{"line":300,"column":76}},"type":"cond-expr","locations":[{"start":{"line":300,"column":47},"end":{"line":300,"column":60}},{"start":{"line":300,"column":63},"end":{"line":300,"column":76}}]},"22":{"loc":{"start":{"line":321,"column":25},"end":{"line":321,"column":52}},"type":"binary-expr","locations":[{"start":{"line":321,"column":25},"end":{"line":321,"column":47}},{"start":{"line":321,"column":51},"end":{"line":321,"column":52}}]},"23":{"loc":{"start":{"line":325,"column":13},"end":{"line":325,"column":44}},"type":"binary-expr","locations":[{"start":{"line":325,"column":13},"end":{"line":325,"column":32}},{"start":{"line":325,"column":36},"end":{"line":325,"column":44}}]},"24":{"loc":{"start":{"line":331,"column":20},"end":{"line":331,"column":52}},"type":"binary-expr","locations":[{"start":{"line":331,"column":20},"end":{"line":331,"column":46}},{"start":{"line":331,"column":50},"end":{"line":331,"column":52}}]},"25":{"loc":{"start":{"line":336,"column":6},"end":{"line":341,"column":7}},"type":"if","locations":[{"start":{"line":336,"column":6},"end":{"line":341,"column":7}}]},"26":{"loc":{"start":{"line":337,"column":8},"end":{"line":339,"column":9}},"type":"if","locations":[{"start":{"line":337,"column":8},"end":{"line":339,"column":9}}]},"27":{"loc":{"start":{"line":337,"column":12},"end":{"line":337,"column":65}},"type":"binary-expr","locations":[{"start":{"line":337,"column":12},"end":{"line":337,"column":21}},{"start":{"line":337,"column":25},"end":{"line":337,"column":65}}]},"28":{"loc":{"start":{"line":343,"column":6},"end":{"line":349,"column":7}},"type":"if","locations":[{"start":{"line":343,"column":6},"end":{"line":349,"column":7}}]},"29":{"loc":{"start":{"line":345,"column":8},"end":{"line":347,"column":9}},"type":"if","locations":[{"start":{"line":345,"column":8},"end":{"line":347,"column":9}}]},"30":{"loc":{"start":{"line":352,"column":6},"end":{"line":354,"column":7}},"type":"if","locations":[{"start":{"line":352,"column":6},"end":{"line":354,"column":7}}]},"31":{"loc":{"start":{"line":374,"column":11},"end":{"line":374,"column":42}},"type":"binary-expr","locations":[{"start":{"line":374,"column":11},"end":{"line":374,"column":30}},{"start":{"line":374,"column":34},"end":{"line":374,"column":42}}]},"32":{"loc":{"start":{"line":380,"column":18},"end":{"line":380,"column":50}},"type":"binary-expr","locations":[{"start":{"line":380,"column":18},"end":{"line":380,"column":44}},{"start":{"line":380,"column":48},"end":{"line":380,"column":50}}]},"33":{"loc":{"start":{"line":385,"column":4},"end":{"line":387,"column":5}},"type":"if","locations":[{"start":{"line":385,"column":4},"end":{"line":387,"column":5}}]},"34":{"loc":{"start":{"line":389,"column":4},"end":{"line":391,"column":5}},"type":"if","locations":[{"start":{"line":389,"column":4},"end":{"line":391,"column":5}}]},"35":{"loc":{"start":{"line":394,"column":4},"end":{"line":396,"column":5}},"type":"if","locations":[{"start":{"line":394,"column":4},"end":{"line":396,"column":5}}]},"36":{"loc":{"start":{"line":400,"column":4},"end":{"line":402,"column":5}},"type":"if","locations":[{"start":{"line":400,"column":4},"end":{"line":402,"column":5}}]},"37":{"loc":{"start":{"line":400,"column":8},"end":{"line":400,"column":47}},"type":"binary-expr","locations":[{"start":{"line":400,"column":8},"end":{"line":400,"column":23}},{"start":{"line":400,"column":27},"end":{"line":400,"column":47}}]},"38":{"loc":{"start":{"line":423,"column":4},"end":{"line":425,"column":5}},"type":"if","locations":[{"start":{"line":423,"column":4},"end":{"line":425,"column":5}}]},"39":{"loc":{"start":{"line":432,"column":6},"end":{"line":434,"column":33}},"type":"cond-expr","locations":[{"start":{"line":433,"column":10},"end":{"line":433,"column":35}},{"start":{"line":434,"column":10},"end":{"line":434,"column":33}}]},"40":{"loc":{"start":{"line":468,"column":4},"end":{"line":470,"column":5}},"type":"if","locations":[{"start":{"line":468,"column":4},"end":{"line":470,"column":5}}]},"41":{"loc":{"start":{"line":472,"column":4},"end":{"line":474,"column":5}},"type":"if","locations":[{"start":{"line":472,"column":4},"end":{"line":474,"column":5}}]},"42":{"loc":{"start":{"line":486,"column":4},"end":{"line":488,"column":5}},"type":"if","locations":[{"start":{"line":486,"column":4},"end":{"line":488,"column":5}}]},"43":{"loc":{"start":{"line":518,"column":4},"end":{"line":520,"column":5}},"type":"if","locations":[{"start":{"line":518,"column":4},"end":{"line":520,"column":5}}]},"44":{"loc":{"start":{"line":522,"column":4},"end":{"line":524,"column":5}},"type":"if","locations":[{"start":{"line":522,"column":4},"end":{"line":524,"column":5}}]},"45":{"loc":{"start":{"line":527,"column":4},"end":{"line":529,"column":5}},"type":"if","locations":[{"start":{"line":527,"column":4},"end":{"line":529,"column":5}}]},"46":{"loc":{"start":{"line":544,"column":4},"end":{"line":546,"column":5}},"type":"if","locations":[{"start":{"line":544,"column":4},"end":{"line":546,"column":5}}]},"47":{"loc":{"start":{"line":570,"column":4},"end":{"line":572,"column":5}},"type":"if","locations":[{"start":{"line":570,"column":4},"end":{"line":572,"column":5}}]},"48":{"loc":{"start":{"line":574,"column":4},"end":{"line":576,"column":5}},"type":"if","locations":[{"start":{"line":574,"column":4},"end":{"line":576,"column":5}}]},"49":{"loc":{"start":{"line":579,"column":4},"end":{"line":581,"column":5}},"type":"if","locations":[{"start":{"line":579,"column":4},"end":{"line":581,"column":5}}]},"50":{"loc":{"start":{"line":611,"column":4},"end":{"line":613,"column":5}},"type":"if","locations":[{"start":{"line":611,"column":4},"end":{"line":613,"column":5}}]},"51":{"loc":{"start":{"line":615,"column":4},"end":{"line":617,"column":5}},"type":"if","locations":[{"start":{"line":615,"column":4},"end":{"line":617,"column":5}}]},"52":{"loc":{"start":{"line":620,"column":4},"end":{"line":622,"column":5}},"type":"if","locations":[{"start":{"line":620,"column":4},"end":{"line":622,"column":5}}]},"53":{"loc":{"start":{"line":649,"column":4},"end":{"line":651,"column":5}},"type":"if","locations":[{"start":{"line":649,"column":4},"end":{"line":651,"column":5}}]},"54":{"loc":{"start":{"line":653,"column":4},"end":{"line":655,"column":5}},"type":"if","locations":[{"start":{"line":653,"column":4},"end":{"line":655,"column":5}}]},"55":{"loc":{"start":{"line":658,"column":4},"end":{"line":660,"column":5}},"type":"if","locations":[{"start":{"line":658,"column":4},"end":{"line":660,"column":5}}]},"56":{"loc":{"start":{"line":687,"column":4},"end":{"line":689,"column":5}},"type":"if","locations":[{"start":{"line":687,"column":4},"end":{"line":689,"column":5}}]},"57":{"loc":{"start":{"line":691,"column":4},"end":{"line":693,"column":5}},"type":"if","locations":[{"start":{"line":691,"column":4},"end":{"line":693,"column":5}}]},"58":{"loc":{"start":{"line":696,"column":4},"end":{"line":698,"column":5}},"type":"if","locations":[{"start":{"line":696,"column":4},"end":{"line":698,"column":5}}]},"59":{"loc":{"start":{"line":708,"column":10},"end":{"line":708,"column":95}},"type":"cond-expr","locations":[{"start":{"line":708,"column":20},"end":{"line":708,"column":63}},{"start":{"line":708,"column":66},"end":{"line":708,"column":95}}]},"60":{"loc":{"start":{"line":720,"column":2},"end":{"line":722,"column":3}},"type":"if","locations":[{"start":{"line":720,"column":2},"end":{"line":722,"column":3}}]},"61":{"loc":{"start":{"line":720,"column":6},"end":{"line":720,"column":45}},"type":"binary-expr","locations":[{"start":{"line":720,"column":6},"end":{"line":720,"column":21}},{"start":{"line":720,"column":25},"end":{"line":720,"column":45}}]},"62":{"loc":{"start":{"line":731,"column":6},"end":{"line":733,"column":14}},"type":"cond-expr","locations":[{"start":{"line":732,"column":10},"end":{"line":732,"column":39}},{"start":{"line":733,"column":10},"end":{"line":733,"column":14}}]},"63":{"loc":{"start":{"line":741,"column":2},"end":{"line":743,"column":3}},"type":"if","locations":[{"start":{"line":741,"column":2},"end":{"line":743,"column":3}}]},"64":{"loc":{"start":{"line":741,"column":6},"end":{"line":741,"column":75}},"type":"binary-expr","locations":[{"start":{"line":741,"column":6},"end":{"line":741,"column":21}},{"start":{"line":741,"column":25},"end":{"line":741,"column":45}},{"start":{"line":741,"column":49},"end":{"line":741,"column":75}}]},"65":{"loc":{"start":{"line":756,"column":2},"end":{"line":756,"column":15}},"type":"default-arg","locations":[{"start":{"line":756,"column":13},"end":{"line":756,"column":15}}]},"66":{"loc":{"start":{"line":757,"column":2},"end":{"line":757,"column":16}},"type":"default-arg","locations":[{"start":{"line":757,"column":12},"end":{"line":757,"column":16}}]},"67":{"loc":{"start":{"line":764,"column":4},"end":{"line":781,"column":5}},"type":"switch","locations":[{"start":{"line":765,"column":6},"end":{"line":766,"column":15}},{"start":{"line":767,"column":6},"end":{"line":772,"column":7}},{"start":{"line":773,"column":6},"end":{"line":773,"column":23}},{"start":{"line":774,"column":6},"end":{"line":776,"column":14}},{"start":{"line":777,"column":6},"end":{"line":780,"column":10}}]}},"s":{"0":2,"1":2,"2":2,"3":42,"4":42,"5":5,"6":5,"7":1,"8":4,"9":4,"10":4,"11":4,"12":4,"13":4,"14":4,"15":1,"16":3,"17":0,"18":3,"19":3,"20":3,"21":3,"22":1,"23":2,"24":4,"25":1,"26":3,"27":3,"28":3,"29":3,"30":3,"31":3,"32":3,"33":3,"34":3,"35":1,"36":2,"37":0,"38":2,"39":2,"40":2,"41":2,"42":1,"43":1,"44":5,"45":5,"46":5,"47":5,"48":5,"49":5,"50":5,"51":1,"52":0,"53":1,"54":4,"55":0,"56":4,"57":4,"58":4,"59":4,"60":0,"61":0,"62":0,"63":4,"64":3,"65":3,"66":3,"67":1,"68":2,"69":1,"70":1,"71":11,"72":11,"73":11,"74":11,"75":11,"76":11,"77":13,"78":13,"79":13,"80":2,"81":1,"82":1,"83":11,"84":8,"85":8,"86":0,"87":8,"88":3,"89":3,"90":2,"91":2,"92":1,"93":3,"94":3,"95":3,"96":3,"97":3,"98":3,"99":1,"100":2,"101":0,"102":2,"103":2,"104":0,"105":2,"106":2,"107":1,"108":1,"109":2,"110":1,"111":1,"112":1,"113":1,"114":1,"115":1,"116":1,"117":1,"118":1,"119":1,"120":1,"121":0,"122":1,"123":0,"124":1,"125":1,"126":1,"127":1,"128":0,"129":1,"130":3,"131":3,"132":3,"133":3,"134":3,"135":3,"136":1,"137":2,"138":0,"139":2,"140":2,"141":0,"142":2,"143":4,"144":1,"145":3,"146":3,"147":3,"148":3,"149":3,"150":3,"151":3,"152":1,"153":2,"154":0,"155":2,"156":2,"157":0,"158":2,"159":3,"160":3,"161":3,"162":3,"163":3,"164":3,"165":1,"166":2,"167":0,"168":2,"169":2,"170":0,"171":2,"172":2,"173":2,"174":2,"175":2,"176":2,"177":2,"178":1,"179":1,"180":0,"181":1,"182":1,"183":0,"184":1,"185":3,"186":3,"187":3,"188":3,"189":3,"190":3,"191":1,"192":2,"193":0,"194":2,"195":2,"196":0,"197":2,"198":2,"199":2,"200":2,"201":3,"202":3,"203":2,"204":8,"205":8,"206":2,"207":6,"208":6,"209":1,"210":1,"211":0,"212":1,"213":1,"214":4,"215":4,"216":5,"217":5,"218":5,"219":3,"220":1,"221":1,"222":1,"223":1,"224":0,"225":0,"226":1,"227":1,"228":2},"f":{"0":42,"1":5,"2":4,"3":5,"4":11,"5":2,"6":3,"7":2,"8":3,"9":4,"10":3,"11":2,"12":3,"13":2,"14":3,"15":8,"16":1,"17":4,"18":1,"19":1},"b":{"0":[5,0],"1":[1],"2":[5,2],"3":[1],"4":[0],"5":[1],"6":[1],"7":[3,0],"8":[1],"9":[0],"10":[1],"11":[5,5],"12":[5,5],"13":[1],"14":[0],"15":[1,1],"16":[0],"17":[0],"18":[0],"19":[0,0],"20":[1],"21":[1,0],"22":[11,9],"23":[13,12],"24":[13,12],"25":[2],"26":[1],"27":[2,2],"28":[8],"29":[0],"30":[2],"31":[3,3],"32":[3,3],"33":[1],"34":[0],"35":[0],"36":[1],"37":[2,1],"38":[1],"39":[1,0],"40":[0],"41":[0],"42":[0],"43":[1],"44":[0],"45":[0],"46":[1],"47":[1],"48":[0],"49":[0],"50":[1],"51":[0],"52":[0],"53":[1],"54":[0],"55":[0],"56":[1],"57":[0],"58":[0],"59":[3,0],"60":[2],"61":[8,8],"62":[0,6],"63":[0],"64":[1,1,1],"65":[4],"66":[4],"67":[3,1,0,1,0]}}
}
