TN:
SF:src/index.ts
FN:69,(anonymous_0)
FN:85,(anonymous_1)
FN:159,(anonymous_2)
FN:242,(anonymous_3)
FN:315,(anonymous_4)
FN:353,(anonymous_5)
FN:368,(anonymous_6)
FN:418,(anonymous_7)
FN:501,(anonymous_8)
FN:543,(anonymous_9)
FN:594,(anonymous_10)
FN:634,(anonymous_11)
FN:672,(anonymous_12)
FN:701,(anonymous_13)
FN:707,(anonymous_14)
FN:717,parseScoreRecord
FN:739,parseScoringWeights
FN:753,waitForTransactionConfirmation
FN:789,sleep
FN:790,(anonymous_19)
FNF:20
FNH:20
FNDA:42,(anonymous_0)
FNDA:5,(anonymous_1)
FNDA:4,(anonymous_2)
FNDA:5,(anonymous_3)
FNDA:11,(anonymous_4)
FNDA:2,(anonymous_5)
FNDA:3,(anonymous_6)
FNDA:2,(anonymous_7)
FNDA:3,(anonymous_8)
FNDA:4,(anonymous_9)
FNDA:3,(anonymous_10)
FNDA:2,(anonymous_11)
FNDA:3,(anonymous_12)
FNDA:2,(anonymous_13)
FNDA:3,(anonymous_14)
FNDA:8,parseScoreRecord
FNDA:1,parseScoringWeights
FNDA:4,waitForTransactionConfirmation
FNDA:1,sleep
FNDA:1,(anonymous_19)
DA:1,2
DA:14,2
DA:15,2
DA:66,2
DA:69,42
DA:70,42
DA:91,5
DA:95,5
DA:96,1
DA:99,4
DA:100,4
DA:103,4
DA:104,4
DA:106,4
DA:121,4
DA:123,4
DA:124,1
DA:127,3
DA:128,0
DA:132,3
DA:136,3
DA:139,3
DA:141,3
DA:142,1
DA:145,2
DA:164,4
DA:165,1
DA:168,3
DA:169,3
DA:172,3
DA:177,3
DA:178,3
DA:181,3
DA:183,3
DA:199,3
DA:201,3
DA:202,1
DA:205,2
DA:206,0
DA:210,2
DA:214,2
DA:217,2
DA:219,2
DA:220,1
DA:223,1
DA:246,5
DA:248,5
DA:250,5
DA:251,5
DA:253,5
DA:263,5
DA:265,5
DA:266,1
DA:267,0
DA:269,1
DA:272,4
DA:273,0
DA:276,4
DA:280,4
DA:282,4
DA:284,4
DA:285,0
DA:286,0
DA:288,0
DA:291,4
DA:293,3
DA:294,3
DA:295,3
DA:296,1
DA:298,2
DA:300,1
DA:301,1
DA:316,11
DA:317,11
DA:318,11
DA:320,11
DA:321,11
DA:323,11
DA:324,13
DA:334,13
DA:336,13
DA:337,2
DA:338,1
DA:340,1
DA:343,11
DA:344,8
DA:345,8
DA:346,0
DA:348,8
DA:351,3
DA:352,3
DA:353,2
DA:357,1
DA:369,3
DA:370,3
DA:371,3
DA:373,3
DA:383,3
DA:385,3
DA:386,1
DA:389,2
DA:390,0
DA:393,2
DA:394,2
DA:395,0
DA:398,2
DA:400,2
DA:401,1
DA:403,1
DA:423,2
DA:424,1
DA:427,1
DA:428,1
DA:429,1
DA:432,1
DA:437,1
DA:438,1
DA:441,1
DA:443,1
DA:466,1
DA:468,1
DA:469,0
DA:472,1
DA:473,0
DA:477,1
DA:481,1
DA:484,1
DA:486,1
DA:487,0
DA:490,1
DA:502,3
DA:503,3
DA:505,3
DA:506,3
DA:516,3
DA:518,3
DA:519,1
DA:522,2
DA:523,0
DA:526,2
DA:527,2
DA:528,0
DA:531,2
DA:544,4
DA:545,1
DA:548,3
DA:549,3
DA:550,3
DA:552,3
DA:554,3
DA:568,3
DA:570,3
DA:571,1
DA:574,2
DA:575,0
DA:578,2
DA:579,2
DA:580,0
DA:583,2
DA:595,3
DA:596,3
DA:597,3
DA:599,3
DA:609,3
DA:611,3
DA:612,1
DA:615,2
DA:616,0
DA:619,2
DA:620,2
DA:621,0
DA:624,2
DA:635,2
DA:636,2
DA:637,2
DA:639,2
DA:647,2
DA:649,2
DA:650,1
DA:653,1
DA:654,0
DA:657,1
DA:658,1
DA:659,0
DA:662,1
DA:673,3
DA:674,3
DA:675,3
DA:677,3
DA:685,3
DA:687,3
DA:688,1
DA:691,2
DA:692,0
DA:695,2
DA:696,2
DA:697,0
DA:700,2
DA:701,2
DA:706,2
DA:708,3
DA:709,3
DA:718,8
DA:720,8
DA:721,2
DA:723,6
DA:724,6
DA:740,1
DA:741,1
DA:742,0
DA:745,1
DA:746,1
DA:759,4
DA:760,5
DA:762,5
DA:764,5
DA:766,3
DA:768,1
DA:769,1
DA:775,1
DA:776,1
DA:778,0
DA:784,0
DA:790,1
DA:793,2
LF:225
LH:199
BRDA:91,0,0,5
BRDA:91,0,1,0
BRDA:95,1,0,1
BRDA:95,2,0,5
BRDA:95,2,1,2
BRDA:123,3,0,1
BRDA:127,4,0,0
BRDA:141,5,0,1
BRDA:164,6,0,1
BRDA:172,7,0,3
BRDA:172,7,1,0
BRDA:201,8,0,1
BRDA:205,9,0,0
BRDA:219,10,0,1
BRDA:254,11,0,5
BRDA:254,11,1,5
BRDA:260,12,0,5
BRDA:260,12,1,5
BRDA:265,13,0,1
BRDA:266,14,0,0
BRDA:266,15,0,1
BRDA:266,15,1,1
BRDA:272,16,0,0
BRDA:284,17,0,0
BRDA:285,18,0,0
BRDA:285,19,0,0
BRDA:285,19,1,0
BRDA:295,20,0,1
BRDA:300,21,0,1
BRDA:300,21,1,0
BRDA:321,22,0,11
BRDA:321,22,1,9
BRDA:325,23,0,13
BRDA:325,23,1,12
BRDA:331,24,0,13
BRDA:331,24,1,12
BRDA:336,25,0,2
BRDA:337,26,0,1
BRDA:337,27,0,2
BRDA:337,27,1,2
BRDA:343,28,0,8
BRDA:345,29,0,0
BRDA:352,30,0,2
BRDA:374,31,0,3
BRDA:374,31,1,3
BRDA:380,32,0,3
BRDA:380,32,1,3
BRDA:385,33,0,1
BRDA:389,34,0,0
BRDA:394,35,0,0
BRDA:400,36,0,1
BRDA:400,37,0,2
BRDA:400,37,1,1
BRDA:423,38,0,1
BRDA:432,39,0,1
BRDA:432,39,1,0
BRDA:468,40,0,0
BRDA:472,41,0,0
BRDA:486,42,0,0
BRDA:518,43,0,1
BRDA:522,44,0,0
BRDA:527,45,0,0
BRDA:544,46,0,1
BRDA:570,47,0,1
BRDA:574,48,0,0
BRDA:579,49,0,0
BRDA:611,50,0,1
BRDA:615,51,0,0
BRDA:620,52,0,0
BRDA:649,53,0,1
BRDA:653,54,0,0
BRDA:658,55,0,0
BRDA:687,56,0,1
BRDA:691,57,0,0
BRDA:696,58,0,0
BRDA:708,59,0,3
BRDA:708,59,1,0
BRDA:720,60,0,2
BRDA:720,61,0,8
BRDA:720,61,1,8
BRDA:731,62,0,0
BRDA:731,62,1,6
BRDA:741,63,0,0
BRDA:741,64,0,1
BRDA:741,64,1,1
BRDA:741,64,2,1
BRDA:756,65,0,4
BRDA:757,66,0,4
BRDA:764,67,0,3
BRDA:764,67,1,1
BRDA:764,67,2,0
BRDA:764,67,3,1
BRDA:764,67,4,0
BRF:93
BRH:60
end_of_record
